# JRE version: Java(TM) SE Runtime Environment (8.0_161-b12) (build 1.8.0_161-b12)
# Java VM: Java HotSpot(TM) 64-Bit Server VM (25.161-b12 mixed mode windows-amd64 compressed oops)
Heap:
 PSYoungGen      total 138752K, used 113088K [0x00000000d5800000, 0x00000000e3000000, 0x0000000100000000)
  eden space 129024K, 87% used [0x00000000d5800000,0x00000000dc6700b0,0x00000000dd600000)
  from space 9728K, 0% used [0x00000000dd600000,0x00000000dd600000,0x00000000ddf80000)
  to   space 14848K, 0% used [0x00000000e2180000,0x00000000e2180000,0x00000000e3000000)
 ParOldGen       total 48128K, used 18301K [0x0000000080800000, 0x0000000083700000, 0x00000000d5800000)
  object space 48128K, 38% used [0x0000000080800000,0x00000000819df7b0,0x0000000083700000)
 Metaspace       used 43897K, capacity 45336K, committed 45528K, reserved 1091584K
  class space    used 5924K, capacity 6218K, committed 6272K, reserved 1048576K
GC Heap History (10 events):
Event: 2.942 GC heap before
{Heap before GC invocations=8 (full 1):
 PSYoungGen      total 126464K, used 126435K [0x00000000d5800000, 0x00000000de900000, 0x0000000100000000)
  eden space 118784K, 100% used [0x00000000d5800000,0x00000000dcc00000,0x00000000dcc00000)
  from space 7680K, 99% used [0x00000000de180000,0x00000000de8f8d08,0x00000000de900000)
  to   space 9728K, 0% used [0x00000000dd600000,0x00000000dd600000,0x00000000ddf80000)
 ParOldGen       total 48128K, used 8089K [0x0000000080800000, 0x0000000083700000, 0x00000000d5800000)
  object space 48128K, 16% used [0x0000000080800000,0x0000000080fe6600,0x0000000083700000)
 Metaspace       used 30974K, capacity 32068K, committed 32256K, reserved 1077248K
  class space    used 4062K, capacity 4304K, committed 4352K, reserved 1048576K
Event: 2.951 GC heap after
Heap after GC invocations=8 (full 1):
 PSYoungGen      total 138752K, used 9697K [0x00000000d5800000, 0x00000000e3c00000, 0x0000000100000000)
  eden space 129024K, 0% used [0x00000000d5800000,0x00000000d5800000,0x00000000dd600000)
  from space 9728K, 99% used [0x00000000dd600000,0x00000000ddf78738,0x00000000ddf80000)
  to   space 12800K, 0% used [0x00000000e2f80000,0x00000000e2f80000,0x00000000e3c00000)
 ParOldGen       total 48128K, used 11337K [0x0000000080800000, 0x0000000083700000, 0x00000000d5800000)
  object space 48128K, 23% used [0x0000000080800000,0x0000000081312740,0x0000000083700000)
 Metaspace       used 30974K, capacity 32068K, committed 32256K, reserved 1077248K
  class space    used 4062K, capacity 4304K, committed 4352K, reserved 1048576K
}
Event: 3.270 GC heap before
{Heap before GC invocations=9 (full 1):
 PSYoungGen      total 138752K, used 44466K [0x00000000d5800000, 0x00000000e3c00000, 0x0000000100000000)
  eden space 129024K, 26% used [0x00000000d5800000,0x00000000d79f4378,0x00000000dd600000)
  from space 9728K, 99% used [0x00000000dd600000,0x00000000ddf78738,0x00000000ddf80000)
  to   space 12800K, 0% used [0x00000000e2f80000,0x00000000e2f80000,0x00000000e3c00000)
 ParOldGen       total 48128K, used 11337K [0x0000000080800000, 0x0000000083700000, 0x00000000d5800000)
  object space 48128K, 23% used [0x0000000080800000,0x0000000081312740,0x0000000083700000)
 Metaspace       used 34230K, capacity 35306K, committed 35416K, reserved 1081344K
  class space    used 4386K, capacity 4607K, committed 4608K, reserved 1048576K
Event: 3.277 GC heap after
Heap after GC invocations=9 (full 1):
 PSYoungGen      total 141824K, used 12597K [0x00000000d5800000, 0x00000000e3c00000, 0x0000000100000000)
  eden space 129024K, 0% used [0x00000000d5800000,0x00000000d5800000,0x00000000dd600000)
  from space 12800K, 98% used [0x00000000e2f80000,0x00000000e3bcd798,0x00000000e3c00000)
  to   space 9728K, 0% used [0x00000000dd600000,0x00000000dd600000,0x00000000ddf80000)
 ParOldGen       total 48128K, used 11345K [0x0000000080800000, 0x0000000083700000, 0x00000000d5800000)
  object space 48128K, 23% used [0x0000000080800000,0x0000000081314740,0x0000000083700000)
 Metaspace       used 34230K, capacity 35306K, committed 35416K, reserved 1081344K
  class space    used 4386K, capacity 4607K, committed 4608K, reserved 1048576K
}
Event: 3.277 GC heap before
{Heap before GC invocations=10 (full 2):
 PSYoungGen      total 141824K, used 12597K [0x00000000d5800000, 0x00000000e3c00000, 0x0000000100000000)
  eden space 129024K, 0% used [0x00000000d5800000,0x00000000d5800000,0x00000000dd600000)
  from space 12800K, 98% used [0x00000000e2f80000,0x00000000e3bcd798,0x00000000e3c00000)
  to   space 9728K, 0% used [0x00000000dd600000,0x00000000dd600000,0x00000000ddf80000)
 ParOldGen       total 48128K, used 11345K [0x0000000080800000, 0x0000000083700000, 0x00000000d5800000)
  object space 48128K, 23% used [0x0000000080800000,0x0000000081314740,0x0000000083700000)
 Metaspace       used 34230K, capacity 35306K, committed 35416K, reserved 1081344K
  class space    used 4386K, capacity 4607K, committed 4608K, reserved 1048576K
Event: 3.314 GC heap after
Heap after GC invocations=10 (full 2):
 PSYoungGen      total 141824K, used 0K [0x00000000d5800000, 0x00000000e3c00000, 0x0000000100000000)
  eden space 129024K, 0% used [0x00000000d5800000,0x00000000d5800000,0x00000000dd600000)
  from space 12800K, 0% used [0x00000000e2f80000,0x00000000e2f80000,0x00000000e3c00000)
  to   space 9728K, 0% used [0x00000000dd600000,0x00000000dd600000,0x00000000ddf80000)
 ParOldGen       total 48128K, used 17811K [0x0000000080800000, 0x0000000083700000, 0x00000000d5800000)
  object space 48128K, 37% used [0x0000000080800000,0x0000000081964e20,0x0000000083700000)
 Metaspace       used 34230K, capacity 35306K, committed 35416K, reserved 1081344K
  class space    used 4386K, capacity 4607K, committed 4608K, reserved 1048576K
}
Event: 3.487 GC heap before
{Heap before GC invocations=11 (full 2):
 PSYoungGen      total 141824K, used 35047K [0x00000000d5800000, 0x00000000e3c00000, 0x0000000100000000)
  eden space 129024K, 27% used [0x00000000d5800000,0x00000000d7a39db8,0x00000000dd600000)
  from space 12800K, 0% used [0x00000000e2f80000,0x00000000e2f80000,0x00000000e3c00000)
  to   space 9728K, 0% used [0x00000000dd600000,0x00000000dd600000,0x00000000ddf80000)
 ParOldGen       total 48128K, used 17811K [0x0000000080800000, 0x0000000083700000, 0x00000000d5800000)
  object space 48128K, 37% used [0x0000000080800000,0x0000000081964e20,0x0000000083700000)
 Metaspace       used 36384K, capacity 37482K, committed 37720K, reserved 1087488K
  class space    used 4762K, capacity 5029K, committed 5120K, reserved 1048576K
Event: 3.490 GC heap after
Heap after GC invocations=11 (full 2):
 PSYoungGen      total 138752K, used 2901K [0x00000000d5800000, 0x00000000e3000000, 0x0000000100000000)
  eden space 129024K, 0% used [0x00000000d5800000,0x00000000d5800000,0x00000000dd600000)
  from space 9728K, 29% used [0x00000000dd600000,0x00000000dd8d5588,0x00000000ddf80000)
  to   space 14848K, 0% used [0x00000000e2180000,0x00000000e2180000,0x00000000e3000000)
 ParOldGen       total 48128K, used 17819K [0x0000000080800000, 0x0000000083700000, 0x00000000d5800000)
  object space 48128K, 37% used [0x0000000080800000,0x0000000081966e20,0x0000000083700000)
 Metaspace       used 36384K, capacity 37482K, committed 37720K, reserved 1087488K
  class space    used 4762K, capacity 5029K, committed 5120K, reserved 1048576K
}
Event: 3.490 GC heap before
{Heap before GC invocations=12 (full 3):
 PSYoungGen      total 138752K, used 2901K [0x00000000d5800000, 0x00000000e3000000, 0x0000000100000000)
  eden space 129024K, 0% used [0x00000000d5800000,0x00000000d5800000,0x00000000dd600000)
  from space 9728K, 29% used [0x00000000dd600000,0x00000000dd8d5588,0x00000000ddf80000)
  to   space 14848K, 0% used [0x00000000e2180000,0x00000000e2180000,0x00000000e3000000)
 ParOldGen       total 48128K, used 17819K [0x0000000080800000, 0x0000000083700000, 0x00000000d5800000)
  object space 48128K, 37% used [0x0000000080800000,0x0000000081966e20,0x0000000083700000)
 Metaspace       used 36384K, capacity 37482K, committed 37720K, reserved 1087488K
  class space    used 4762K, capacity 5029K, committed 5120K, reserved 1048576K
Event: 3.556 GC heap after
Heap after GC invocations=12 (full 3):
 PSYoungGen      total 138752K, used 0K [0x00000000d5800000, 0x00000000e3000000, 0x0000000100000000)
  eden space 129024K, 0% used [0x00000000d5800000,0x00000000d5800000,0x00000000dd600000)
  from space 9728K, 0% used [0x00000000dd600000,0x00000000dd600000,0x00000000ddf80000)
  to   space 14848K, 0% used [0x00000000e2180000,0x00000000e2180000,0x00000000e3000000)
 ParOldGen       total 48128K, used 18301K [0x0000000080800000, 0x0000000083700000, 0x00000000d5800000)
  object space 48128K, 38% used [0x0000000080800000,0x00000000819df7b0,0x0000000083700000)
 Metaspace       used 36384K, capacity 37482K, committed 37720K, reserved 1085440K
  class space    used 4762K, capacity 5029K, committed 5120K, reserved 1048576K
}

